# JRE version: OpenJDK Runtime Environment (21.0.5) (build 21.0.5+-12932927-b750.29)
# Java VM: OpenJDK 64-Bit Server VM (21.0.5+-12932927-b750.29, mixed mode, tiered, compressed oops, compressed class ptrs, g1 gc, windows-amd64)
GC Precious Log:
 CardTable entry size: 512
 Card Set container configuration: InlinePtr #cards 5 size 8 Array Of Cards #cards 12 size 40 Howl #buckets 4 coarsen threshold 1843 Howl Bitmap #cards 512 size 80 coarsen threshold 460 Card regions per heap region 1 cards per card region 2048
 CPUs: 16 total, 16 available
 Memory: 24270M
 Large Page Support: Disabled
 NUMA Support: Disabled
 Compressed Oops: Enabled (32-bit)
 Heap Region Size: 1M
 Heap Min Capacity: 8M
 Heap Initial Capacity: 380M
 Heap Max Capacity: 2G
 Pre-touch: Disabled
 Parallel Workers: 13
 Concurrent Workers: 3
 Concurrent Refinement Workers: 13
 Periodic GC: Disabled
Heap:
 garbage-first heap   total 439296K, used 394950K [0x0000000080000000, 0x0000000100000000)
  region size 1024K, 140 young (143360K), 11 survivors (11264K)
 Metaspace       used 195926K, committed 198784K, reserved 1245184K
  class space    used 24854K, committed 26304K, reserved 1048576K
GC Heap History (20 events):
Event: 1028.256 GC heap before
{Heap before GC invocations=44 (full 0):
 garbage-first heap   total 377856K, used 302960K [0x0000000080000000, 0x0000000100000000)
  region size 1024K, 79 young (80896K), 5 survivors (5120K)
 Metaspace       used 165715K, committed 168512K, reserved 1245184K
  class space    used 21907K, committed 23296K, reserved 1048576K
}
Event: 1028.266 GC heap after
{Heap after GC invocations=45 (full 0):
 garbage-first heap   total 377856K, used 230846K [0x0000000080000000, 0x0000000100000000)
  region size 1024K, 10 young (10240K), 10 survivors (10240K)
 Metaspace       used 165715K, committed 168512K, reserved 1245184K
  class space    used 21907K, committed 23296K, reserved 1048576K
}
Event: 1031.262 GC heap before
{Heap before GC invocations=45 (full 0):
 garbage-first heap   total 377856K, used 342462K [0x0000000080000000, 0x0000000100000000)
  region size 1024K, 120 young (122880K), 10 survivors (10240K)
 Metaspace       used 177368K, committed 180224K, reserved 1245184K
  class space    used 23154K, committed 24576K, reserved 1048576K
}
Event: 1031.283 GC heap after
{Heap after GC invocations=46 (full 0):
 garbage-first heap   total 377856K, used 223085K [0x0000000080000000, 0x0000000100000000)
  region size 1024K, 12 young (12288K), 12 survivors (12288K)
 Metaspace       used 177368K, committed 180224K, reserved 1245184K
  class space    used 23154K, committed 24576K, reserved 1048576K
}
Event: 1033.209 GC heap before
{Heap before GC invocations=46 (full 0):
 garbage-first heap   total 377856K, used 322413K [0x0000000080000000, 0x0000000100000000)
  region size 1024K, 110 young (112640K), 12 survivors (12288K)
 Metaspace       used 186948K, committed 189824K, reserved 1245184K
  class space    used 24070K, committed 25536K, reserved 1048576K
}
Event: 1033.222 GC heap after
{Heap after GC invocations=47 (full 0):
 garbage-first heap   total 377856K, used 231695K [0x0000000080000000, 0x0000000100000000)
  region size 1024K, 16 young (16384K), 16 survivors (16384K)
 Metaspace       used 186948K, committed 189824K, reserved 1245184K
  class space    used 24070K, committed 25536K, reserved 1048576K
}
Event: 1035.186 GC heap before
{Heap before GC invocations=48 (full 0):
 garbage-first heap   total 391168K, used 340239K [0x0000000080000000, 0x0000000100000000)
  region size 1024K, 121 young (123904K), 16 survivors (16384K)
 Metaspace       used 189236K, committed 192128K, reserved 1245184K
  class space    used 24172K, committed 25600K, reserved 1048576K
}
Event: 1035.201 GC heap after
{Heap after GC invocations=49 (full 0):
 garbage-first heap   total 391168K, used 241815K [0x0000000080000000, 0x0000000100000000)
  region size 1024K, 16 young (16384K), 16 survivors (16384K)
 Metaspace       used 189236K, committed 192128K, reserved 1245184K
  class space    used 24172K, committed 25600K, reserved 1048576K
}
Event: 1037.726 GC heap before
{Heap before GC invocations=49 (full 0):
 garbage-first heap   total 391168K, used 366743K [0x0000000080000000, 0x0000000100000000)
  region size 1024K, 125 young (128000K), 16 survivors (16384K)
 Metaspace       used 195826K, committed 198720K, reserved 1245184K
  class space    used 24837K, committed 26304K, reserved 1048576K
}
Event: 1037.754 GC heap after
{Heap after GC invocations=50 (full 0):
 garbage-first heap   total 403456K, used 260015K [0x0000000080000000, 0x0000000100000000)
  region size 1024K, 14 young (14336K), 14 survivors (14336K)
 Metaspace       used 195826K, committed 198720K, reserved 1245184K
  class space    used 24837K, committed 26304K, reserved 1048576K
}
Event: 1039.348 GC heap before
{Heap before GC invocations=50 (full 0):
 garbage-first heap   total 403456K, used 367535K [0x0000000080000000, 0x0000000100000000)
  region size 1024K, 119 young (121856K), 14 survivors (14336K)
 Metaspace       used 195826K, committed 198720K, reserved 1245184K
  class space    used 24837K, committed 26304K, reserved 1048576K
}
Event: 1039.363 GC heap after
{Heap after GC invocations=51 (full 0):
 garbage-first heap   total 403456K, used 262351K [0x0000000080000000, 0x0000000100000000)
  region size 1024K, 6 young (6144K), 6 survivors (6144K)
 Metaspace       used 195826K, committed 198720K, reserved 1245184K
  class space    used 24837K, committed 26304K, reserved 1048576K
}
Event: 1041.153 GC heap before
{Heap before GC invocations=52 (full 0):
 garbage-first heap   total 439296K, used 371919K [0x0000000080000000, 0x0000000100000000)
  region size 1024K, 113 young (115712K), 6 survivors (6144K)
 Metaspace       used 195826K, committed 198720K, reserved 1245184K
  class space    used 24837K, committed 26304K, reserved 1048576K
}
Event: 1041.164 GC heap after
{Heap after GC invocations=53 (full 0):
 garbage-first heap   total 439296K, used 265441K [0x0000000080000000, 0x0000000100000000)
  region size 1024K, 9 young (9216K), 9 survivors (9216K)
 Metaspace       used 195826K, committed 198720K, reserved 1245184K
  class space    used 24837K, committed 26304K, reserved 1048576K
}
Event: 1044.389 GC heap before
{Heap before GC invocations=53 (full 0):
 garbage-first heap   total 439296K, used 402657K [0x0000000080000000, 0x0000000100000000)
  region size 1024K, 143 young (146432K), 9 survivors (9216K)
 Metaspace       used 195826K, committed 198720K, reserved 1245184K
  class space    used 24837K, committed 26304K, reserved 1048576K
}
Event: 1044.403 GC heap after
{Heap after GC invocations=54 (full 0):
 garbage-first heap   total 439296K, used 260662K [0x0000000080000000, 0x0000000100000000)
  region size 1024K, 13 young (13312K), 13 survivors (13312K)
 Metaspace       used 195826K, committed 198720K, reserved 1245184K
  class space    used 24837K, committed 26304K, reserved 1048576K
}
Event: 1046.846 GC heap before
{Heap before GC invocations=54 (full 0):
 garbage-first heap   total 439296K, used 402998K [0x0000000080000000, 0x0000000100000000)
  region size 1024K, 152 young (155648K), 13 survivors (13312K)
 Metaspace       used 195826K, committed 198720K, reserved 1245184K
  class space    used 24837K, committed 26304K, reserved 1048576K
}
Event: 1046.859 GC heap after
{Heap after GC invocations=55 (full 0):
 garbage-first heap   total 439296K, used 265842K [0x0000000080000000, 0x0000000100000000)
  region size 1024K, 15 young (15360K), 15 survivors (15360K)
 Metaspace       used 195826K, committed 198720K, reserved 1245184K
  class space    used 24837K, committed 26304K, reserved 1048576K
}
Event: 1048.722 GC heap before
{Heap before GC invocations=56 (full 0):
 garbage-first heap   total 439296K, used 395890K [0x0000000080000000, 0x0000000100000000)
  region size 1024K, 147 young (150528K), 15 survivors (15360K)
 Metaspace       used 195826K, committed 198720K, reserved 1245184K
  class space    used 24837K, committed 26304K, reserved 1048576K
}
Event: 1048.735 GC heap after
{Heap after GC invocations=57 (full 0):
 garbage-first heap   total 439296K, used 263878K [0x0000000080000000, 0x0000000100000000)
  region size 1024K, 11 young (11264K), 11 survivors (11264K)
 Metaspace       used 195826K, committed 198720K, reserved 1245184K
  class space    used 24837K, committed 26304K, reserved 1048576K
}

